[2020-06-05T16:45:04.952810-03:00] info.INFO: p.augusto@kuttner.com.br Buscou (DocumentoModel read) os registros [] []
[2020-06-05T16:45:04.958153-03:00] info.INFO: p.augusto@kuttner.com.br Buscou (OCModel read) os registros [] []
[2020-06-05T16:45:50.831673-03:00] info.INFO: p.augusto@kuttner.com.br Buscou (DocumentoModel getId) o registro 15 [] []
[2020-06-05T16:46:08.368778-03:00] info.INFO: p.augusto@kuttner.com.br Atualizaou (DocumentoModel update) o registro 15 [] []
[2020-06-05T16:46:08.379644-03:00] info.INFO: p.augusto@kuttner.com.br Buscou (DocumentoModel read) os registros [] []
[2020-06-05T16:46:08.382549-03:00] info.INFO: p.augusto@kuttner.com.br Buscou (OCModel read) os registros [] []
[2020-06-05T16:49:05.696490-03:00] info.INFO: p.augusto@kuttner.com.br Buscou (OCModel read) os registros [] []
[2020-06-05T17:04:13.567797-03:00] info.INFO: p.augusto@kuttner.com.br Buscou (UsuarioOrdemCompraModel readForUser) os registros [] []
[2020-06-05T17:04:28.697658-03:00] info.INFO: p.augusto@kuttner.com.br Buscou (UsuarioOrdemCompraModel readForUser) os registros [] []
[2020-06-05T17:04:44.527449-03:00] info.INFO: p.augusto@kuttner.com.br Buscou (UsuarioOrdemCompraModel readForUser) os registros [] []
[2020-06-05T17:05:03.927824-03:00] info.INFO: p.augusto@kuttner.com.br Buscou (UsuarioOrdemCompraModel readForUser) os registros [] []
[2020-06-05T17:05:12.712578-03:00] info.INFO: p.augusto@kuttner.com.br Buscou (UsuarioOrdemCompraModel readForUser) os registros [] []
[2020-06-05T17:06:02.959778-03:00] info.INFO: p.augusto@kuttner.com.br Buscou (UsuarioOrdemCompraModel readForUser) os registros [] []
[2020-06-05T17:06:56.718755-03:00] info.INFO: p.augusto@kuttner.com.br Buscou (UsuarioOrdemCompraModel readForUser) os registros [] []
[2020-06-05T17:08:00.549876-03:00] info.INFO: p.augusto@kuttner.com.br Buscou (UsuarioOrdemCompraModel readForUser) os registros [] []
[2020-06-05T17:08:22.946403-03:00] info.INFO: l.mendes@kuttner.com.br Buscou (UsuarioOrdemCompraModel readForUser) os registros [] []
[2020-06-05T17:08:38.784491-03:00] info.INFO: l.mendes@kuttner.com.br Buscou (UsuarioOrdemCompraModel readForUser) os registros [] []
[2020-06-05T17:08:40.501142-03:00] info.INFO: l.mendes@kuttner.com.br Buscou (UsuarioOrdemCompraModel readForUser) os registros [] []
[2020-06-05T17:08:45.259768-03:00] info.INFO: l.mendes@kuttner.com.br Buscou (UsuarioOrdemCompraModel readForUser) os registros [] []
[2020-06-05T17:09:01.147971-03:00] info.INFO: p.augusto@kuttner.com.br Buscou (UsuarioOrdemCompraModel readForUser) os registros [] []
[2020-06-05T17:09:05.025821-03:00] info.INFO: p.augusto@kuttner.com.br Buscou (UsuarioOrdemCompraModel readForUser) os registros [] []
