[2020-06-29T09:21:25.851484-03:00] info.INFO: p.augusto@kuttner.com.br Buscou (UsuarioModel read) os registros [] []
[2020-06-29T09:30:57.351870-03:00] info.INFO: p.augusto@kuttner.com.br Buscou (UsuarioModel read) os registros [] []
[2020-06-29T09:31:17.118366-03:00] info.INFO: p.augusto@kuttner.com.br Buscou (UsuarioModel read) os registros [] []
[2020-06-29T17:26:50.064859-03:00] info.INFO:  p.augusto@kuttner.com.br Buscou (UsuarioModel getLogin) [] []
[2020-06-29T17:26:50.214295-03:00] info.INFO:  Buscou (UsuarioOrdemCompraModel readForUser) os registros [] []
[2020-06-29T17:33:16.775176-03:00] info.INFO:  Buscou (UsuarioModel read) os registros [] []
[2020-06-29T17:35:25.574306-03:00] info.INFO:  Buscou (UsuarioModel read) os registros [] []
[2020-06-29T17:35:26.973722-03:00] info.INFO:  Buscou (UsuarioModel getId) o registro 1 [] []
[2020-06-29T17:35:29.165564-03:00] info.INFO:  Buscou (UsuarioModel getId) o registro 3 [] []
[2020-06-29T17:35:30.781168-03:00] info.INFO:  Buscou (UsuarioModel getId) o registro 1 [] []
[2020-06-29T17:35:33.576901-03:00] info.INFO:  Atualizaou (UsuarioModel update) o registro 1 [] []
[2020-06-29T17:35:33.586537-03:00] info.INFO:  Buscou (UsuarioModel read) os registros [] []
[2020-06-29T17:35:35.754359-03:00] info.INFO:  Buscou (UsuarioModel getId) o registro 1 [] []
[2020-06-29T17:35:42.286787-03:00] info.INFO:  Buscou (UsuarioModel getId) o registro 1 [] []
[2020-06-29T17:35:46.604113-03:00] info.INFO:  Atualizaou (UsuarioModel update) o registro 1 [] []
[2020-06-29T17:35:46.614598-03:00] info.INFO:  Buscou (UsuarioModel read) os registros [] []
[2020-06-29T17:35:47.916314-03:00] info.INFO:  Buscou (UsuarioModel getId) o registro 1 [] []
[2020-06-29T17:36:07.662520-03:00] info.INFO:  Buscou (UsuarioModel read) os registros [] []
[2020-06-29T17:36:08.533287-03:00] info.INFO:  Buscou (UsuarioModel getId) o registro 1 [] []
[2020-06-29T17:36:11.092147-03:00] info.INFO:  Atualizaou (UsuarioModel update) o registro 1 [] []
[2020-06-29T17:36:11.101207-03:00] info.INFO:  Buscou (UsuarioModel read) os registros [] []
[2020-06-29T17:36:14.358568-03:00] info.INFO:  Buscou (UsuarioModel getId) o registro 4 [] []
[2020-06-29T17:36:16.101872-03:00] info.INFO:  Buscou (UsuarioModel getId) o registro 1 [] []
[2020-06-29T17:36:19.003008-03:00] info.INFO:  Atualizaou (UsuarioModel update) o registro 1 [] []
[2020-06-29T17:36:19.011324-03:00] info.INFO:  Buscou (UsuarioModel read) os registros [] []
[2020-06-29T17:36:22.958729-03:00] info.INFO:  Buscou (UsuarioModel getId) o registro 3 [] []
[2020-06-29T17:36:24.594858-03:00] info.INFO:  Buscou (UsuarioModel getId) o registro 1 [] []
[2020-06-29T17:36:56.949484-03:00] info.INFO:  Criou (UsuarioModel create) o registro 5 [] []
[2020-06-29T17:36:56.959594-03:00] info.INFO:  Buscou (UsuarioModel read) os registros [] []
[2020-06-29T17:37:00.950609-03:00] info.INFO:  Buscou (UsuarioModel getId) o registro 5 [] []
[2020-06-29T17:37:03.780892-03:00] info.INFO:  Atualizaou (UsuarioModel update) o registro 5 [] []
[2020-06-29T17:37:03.787923-03:00] info.INFO:  Buscou (UsuarioModel read) os registros [] []
[2020-06-29T17:37:05.244920-03:00] info.INFO:  Buscou (UsuarioModel getId) o registro 5 [] []
[2020-06-29T17:37:14.675409-03:00] info.INFO:  Criou (UsuarioModel create) o registro 6 [] []
[2020-06-29T17:37:14.684036-03:00] info.INFO:  Buscou (UsuarioModel read) os registros [] []
[2020-06-29T17:37:15.992102-03:00] info.INFO:  Buscou (UsuarioModel getId) o registro 6 [] []
[2020-06-29T17:37:20.521953-03:00] info.INFO:  Criou (UsuarioModel create) o registro 7 [] []
[2020-06-29T17:37:20.530668-03:00] info.INFO:  Buscou (UsuarioModel read) os registros [] []
[2020-06-29T17:37:21.854162-03:00] info.INFO:  Buscou (UsuarioModel getId) o registro 7 [] []
[2020-06-29T17:37:26.793231-03:00] info.INFO:  Removeu (UsuarioModel delete) o registro 7 [] []
[2020-06-29T17:37:26.805729-03:00] info.INFO:  Buscou (UsuarioModel read) os registros [] []
[2020-06-29T17:37:28.078346-03:00] info.INFO:  Removeu (UsuarioModel delete) o registro 6 [] []
[2020-06-29T17:37:28.088153-03:00] info.INFO:  Buscou (UsuarioModel read) os registros [] []
[2020-06-29T17:37:28.895985-03:00] info.INFO:  Removeu (UsuarioModel delete) o registro 5 [] []
[2020-06-29T17:37:28.905740-03:00] info.INFO:  Buscou (UsuarioModel read) os registros [] []
[2020-06-29T17:38:56.198353-03:00] info.INFO:  Buscou (UsuarioModel read) os registros [] []
